2025-06-08 07:11:11 | INFO | Тестирование соединения с API...
2025-06-08 07:11:11 | INFO | Используемый API URL: http://localhost:8000/test/hs/api
2025-06-08 07:11:11 | INFO | Базовый URL для запросов: http://localhost:8000/test/hs
2025-06-08 07:11:11 | DEBUG | Making GET request to: http://localhost:8000/test/hs
2025-06-08 07:11:11 | DEBUG | API response status: 404
2025-06-08 07:11:11 | INFO | Результат теста API: 404
2025-06-08 07:11:11 | INFO | Тестирование запроса категорий...
2025-06-08 07:11:11 | DEBUG | Making GET request to: http://localhost:8000/test/hs/api/catalog/categories
2025-06-08 07:11:11 | DEBUG | API response status: 200
2025-06-08 07:11:11 | INFO | Результат запроса категорий: 200
2025-06-08 07:11:11 | INFO | Бот настроен на использование реального API
2025-06-08 07:11:11 | INFO | Бот запущен
2025-06-08 07:13:26 | INFO | Тестирование соединения с API...
2025-06-08 07:13:26 | INFO | Используемый API URL: http://localhost:8000/test/hs/api
2025-06-08 07:13:26 | INFO | Базовый URL для запросов: http://localhost:8000/test/hs
2025-06-08 07:13:26 | DEBUG | Making GET request to: http://localhost:8000/test/hs
2025-06-08 07:13:26 | DEBUG | API response status: 404
2025-06-08 07:13:26 | INFO | Результат теста API: 404
2025-06-08 07:13:26 | INFO | Тестирование запроса категорий...
2025-06-08 07:13:26 | DEBUG | Making GET request to: http://localhost:8000/test/hs/api/catalog/categories
2025-06-08 07:13:26 | DEBUG | API response status: 200
2025-06-08 07:13:26 | INFO | Результат запроса категорий: 200
2025-06-08 07:13:26 | INFO | Бот настроен на использование реального API
2025-06-08 07:13:26 | INFO | Бот запущен
2025-06-08 07:15:09 | INFO | Тестирование соединения с API...
2025-06-08 07:15:09 | INFO | Используемый API URL: http://localhost:8000/test/hs/api
2025-06-08 07:15:09 | INFO | Базовый URL для запросов: http://localhost:8000/test/hs
2025-06-08 07:15:09 | DEBUG | Making GET request to: http://localhost:8000/test/hs
2025-06-08 07:15:09 | DEBUG | API response status: 404
2025-06-08 07:15:09 | INFO | Результат теста API: 404
2025-06-08 07:15:09 | INFO | Тестирование запроса категорий...
2025-06-08 07:15:09 | DEBUG | Making GET request to: http://localhost:8000/test/hs/api/catalog/categories
2025-06-08 07:15:09 | DEBUG | API response status: 200
2025-06-08 07:15:09 | INFO | Результат запроса категорий: 200
2025-06-08 07:15:09 | INFO | Бот настроен на использование реального API
2025-06-08 07:15:09 | INFO | Бот запущен
2025-06-08 07:26:52 | INFO | Тестирование соединения с API...
2025-06-08 07:26:52 | INFO | Используемый API URL: http://localhost:8000/test/hs/api
2025-06-08 07:26:52 | INFO | Базовый URL для запросов: http://localhost:8000/test/hs
2025-06-08 07:26:52 | DEBUG | Making GET request to: http://localhost:8000/test/hs
2025-06-08 07:26:52 | DEBUG | API response status: 404
2025-06-08 07:26:52 | INFO | Результат теста API: 404
2025-06-08 07:26:52 | INFO | Тестирование запроса категорий...
2025-06-08 07:26:52 | DEBUG | Making GET request to: http://localhost:8000/test/hs/api/catalog/categories
2025-06-08 07:26:52 | DEBUG | API response status: 200
2025-06-08 07:26:52 | INFO | Результат запроса категорий: 200
2025-06-08 07:26:52 | INFO | Бот настроен на использование реального API
2025-06-08 07:26:53 | INFO | Бот запущен
2025-06-08 07:42:03 | INFO | Тестирование соединения с API...
2025-06-08 07:42:03 | INFO | Используемый API URL: http://localhost:8000/test/hs/api
2025-06-08 07:42:03 | INFO | Базовый URL для запросов: http://localhost:8000/test/hs
2025-06-08 07:42:03 | DEBUG | Making GET request to: http://localhost:8000/test/hs
2025-06-08 07:42:03 | DEBUG | API response status: 404
2025-06-08 07:42:03 | INFO | Результат теста API: 404
2025-06-08 07:42:03 | INFO | Тестирование запроса категорий...
2025-06-08 07:42:03 | DEBUG | Making GET request to: http://localhost:8000/test/hs/api/catalog/categories
2025-06-08 07:42:03 | DEBUG | API response status: 200
2025-06-08 07:42:03 | INFO | Результат запроса категорий: 200
2025-06-08 07:42:03 | INFO | Бот настроен на использование реального API
2025-06-08 07:42:03 | INFO | Бот запущен
2025-06-08 07:48:13 | INFO | Тестирование соединения с API...
2025-06-08 07:48:13 | INFO | Используемый API URL: http://localhost:8000/test/hs/api
2025-06-08 07:48:13 | INFO | Базовый URL для запросов: http://localhost:8000/test/hs
2025-06-08 07:48:13 | DEBUG | Making GET request to: http://localhost:8000/test/hs
2025-06-08 07:48:13 | DEBUG | API response status: 404
2025-06-08 07:48:13 | INFO | Результат теста API: 404
2025-06-08 07:48:13 | INFO | Тестирование запроса категорий...
2025-06-08 07:48:13 | DEBUG | Making GET request to: http://localhost:8000/test/hs/api/catalog/categories
2025-06-08 07:48:13 | DEBUG | API response status: 200
2025-06-08 07:48:13 | INFO | Результат запроса категорий: 200
2025-06-08 07:48:13 | INFO | Бот настроен на использование реального API
2025-06-08 07:48:14 | INFO | Бот запущен
2025-06-08 07:56:25 | INFO | Тестирование соединения с API...
2025-06-08 07:56:25 | INFO | Используемый API URL: http://localhost:8000/test/hs/api
2025-06-08 07:56:25 | INFO | Базовый URL для запросов: http://localhost:8000/test/hs
2025-06-08 07:56:25 | DEBUG | Making GET request to: http://localhost:8000/test/hs
2025-06-08 07:56:25 | DEBUG | API response status: 404
2025-06-08 07:56:25 | INFO | Результат теста API: 404
2025-06-08 07:56:25 | INFO | Тестирование запроса категорий...
2025-06-08 07:56:25 | DEBUG | Making GET request to: http://localhost:8000/test/hs/api/catalog/categories
2025-06-08 07:56:25 | DEBUG | API response status: 200
2025-06-08 07:56:25 | INFO | Результат запроса категорий: 200
2025-06-08 07:56:25 | INFO | Бот настроен на использование реального API
2025-06-08 07:56:25 | INFO | Бот запущен
2025-06-08 07:57:13 | INFO | Тестирование соединения с API...
2025-06-08 07:57:13 | INFO | Используемый API URL: http://localhost:8000/test/hs/api
2025-06-08 07:57:13 | INFO | Базовый URL для запросов: http://localhost:8000/test/hs
2025-06-08 07:57:13 | DEBUG | Making GET request to: http://localhost:8000/test/hs
2025-06-08 07:57:13 | DEBUG | API response status: 404
2025-06-08 07:57:13 | INFO | Результат теста API: 404
2025-06-08 07:57:13 | INFO | Тестирование запроса категорий...
2025-06-08 07:57:13 | DEBUG | Making GET request to: http://localhost:8000/test/hs/api/catalog/categories
2025-06-08 07:57:13 | DEBUG | API response status: 200
2025-06-08 07:57:13 | INFO | Результат запроса категорий: 200
2025-06-08 07:57:13 | INFO | Бот настроен на использование реального API
2025-06-08 07:57:13 | INFO | Бот запущен
2025-06-08 07:57:17 | INFO | Тестирование соединения с API...
2025-06-08 07:57:17 | INFO | Используемый API URL: http://localhost:8000/test/hs/api
2025-06-08 07:57:17 | INFO | Базовый URL для запросов: http://localhost:8000/test/hs
2025-06-08 07:57:17 | DEBUG | Making GET request to: http://localhost:8000/test/hs
2025-06-08 07:57:17 | DEBUG | API response status: 404
2025-06-08 07:57:17 | INFO | Результат теста API: 404
2025-06-08 07:57:17 | INFO | Тестирование запроса категорий...
2025-06-08 07:57:17 | DEBUG | Making GET request to: http://localhost:8000/test/hs/api/catalog/categories
2025-06-08 07:57:17 | DEBUG | API response status: 200
2025-06-08 07:57:17 | INFO | Результат запроса категорий: 200
2025-06-08 07:57:17 | INFO | Бот настроен на использование реального API
2025-06-08 07:57:17 | INFO | Бот запущен
2025-06-08 08:00:09 | DEBUG | Отправка запроса на регистрацию: {'name': 'Test10', 'phone': '9210271677', 'email': 'Test10@gmail.com', 'login': 'Test10@gmail.com', 'password': 'Test1010'}
2025-06-08 08:00:09 | DEBUG | Используем эндпоинт: /auth/register
2025-06-08 08:00:09 | DEBUG | Вызов register_user с данными: {'name': 'Test10', 'phone': '9210271677', 'email': 'Test10@gmail.com', 'login': 'Test10@gmail.com', 'password': 'Test1010'}
2025-06-08 08:00:09 | DEBUG | Making POST request to: http://localhost:8000/test/hs/api/auth/register
2025-06-08 08:00:09 | DEBUG | API response status: 500
2025-06-08 08:03:42 | INFO | Тестирование соединения с API...
2025-06-08 08:03:42 | INFO | Используемый API URL: http://localhost:8000/test/hs/api
2025-06-08 08:03:42 | INFO | Базовый URL для запросов: http://localhost:8000/test/hs
2025-06-08 08:03:42 | DEBUG | Making GET request to: http://localhost:8000/test/hs
2025-06-08 08:03:42 | DEBUG | API response status: 404
2025-06-08 08:03:42 | INFO | Результат теста API: 404
2025-06-08 08:03:42 | INFO | Тестирование запроса категорий...
2025-06-08 08:03:42 | DEBUG | Making GET request to: http://localhost:8000/test/hs/api/catalog/categories
2025-06-08 08:03:42 | DEBUG | API response status: 200
2025-06-08 08:03:42 | INFO | Результат запроса категорий: 200
2025-06-08 08:03:42 | INFO | Бот настроен на использование реального API
2025-06-08 08:03:43 | INFO | Бот запущен
2025-06-08 08:04:37 | WARNING | Неизвестный callback_data: use_email_as_login
2025-06-08 08:04:37 | WARNING | Неизвестный callback_data: use_email_as_login
2025-06-08 08:04:37 | WARNING | Неизвестный callback_data: use_email_as_login
2025-06-08 08:04:37 | WARNING | Неизвестный callback_data: use_email_as_login
2025-06-08 08:04:37 | WARNING | Неизвестный callback_data: use_email_as_login
2025-06-08 08:04:37 | WARNING | Неизвестный callback_data: manual_login
2025-06-08 08:04:37 | WARNING | Неизвестный callback_data: manual_login
2025-06-08 08:04:37 | WARNING | Неизвестный callback_data: use_email_as_login
2025-06-08 08:04:37 | WARNING | Неизвестный callback_data: use_email_as_login
2025-06-08 08:04:37 | WARNING | Неизвестный callback_data: use_email_as_login
2025-06-08 08:04:37 | WARNING | Неизвестный callback_data: use_email_as_login
2025-06-08 08:04:37 | WARNING | Неизвестный callback_data: manual_login
2025-06-08 08:04:37 | WARNING | Неизвестный callback_data: manual_login
2025-06-08 08:04:50 | DEBUG | Отправка запроса на регистрацию: {'name': 'Test12', 'phone': '9210271677', 'email': 'Test12@gmail.com', 'login': 'Test12@gmail.com', 'password': 'Test1212'}
2025-06-08 08:04:50 | DEBUG | Используем эндпоинт: /auth/register
2025-06-08 08:04:50 | DEBUG | Вызов register_user с данными: {'name': 'Test12', 'phone': '9210271677', 'email': 'Test12@gmail.com', 'login': 'Test12@gmail.com', 'password': 'Test1212'}
2025-06-08 08:04:50 | DEBUG | Making POST request to: http://localhost:8000/test/hs/api/auth/register
2025-06-08 08:04:50 | DEBUG | API response status: 500
2025-06-08 08:05:59 | DEBUG | Отправка запроса на регистрацию: {'name': 'Test12', 'phone': '9210271677', 'email': 'Test12@gmail.com', 'login': 'Test12@gmail.com', 'password': 'Test1212'}
2025-06-08 08:05:59 | DEBUG | Используем эндпоинт: /auth/register
2025-06-08 08:05:59 | DEBUG | Вызов register_user с данными: {'name': 'Test12', 'phone': '9210271677', 'email': 'Test12@gmail.com', 'login': 'Test12@gmail.com', 'password': 'Test1212'}
2025-06-08 08:05:59 | DEBUG | Making POST request to: http://localhost:8000/test/hs/api/auth/register
2025-06-08 08:05:59 | DEBUG | API response status: 500
2025-06-08 08:17:06 | INFO | Тестирование соединения с API...
2025-06-08 08:17:06 | INFO | Используемый API URL: http://localhost:8000/test/hs/api
2025-06-08 08:17:06 | INFO | Базовый URL для запросов: http://localhost:8000/test/hs
2025-06-08 08:17:06 | DEBUG | Making GET request to: http://localhost:8000/test/hs
2025-06-08 08:17:06 | DEBUG | API response status: 404
2025-06-08 08:17:06 | INFO | Результат теста API: 404
2025-06-08 08:17:06 | INFO | Тестирование запроса категорий...
2025-06-08 08:17:06 | DEBUG | Making GET request to: http://localhost:8000/test/hs/api/catalog/categories
2025-06-08 08:17:06 | DEBUG | API response status: 200
2025-06-08 08:17:06 | INFO | Результат запроса категорий: 200
2025-06-08 08:17:06 | INFO | Бот настроен на использование реального API
2025-06-08 08:17:06 | INFO | Бот запущен
2025-06-08 08:18:02 | DEBUG | Отправка запроса на регистрацию: {'name': 'Test13', 'phone': '9210271677', 'email': 'Test13@gmail.com', 'login': 'Test13@gmail.com', 'password': 'Test1313'}
2025-06-08 08:18:02 | DEBUG | Используем эндпоинт: /auth/register
2025-06-08 08:18:02 | DEBUG | Вызов register_user с данными: {'name': 'Test13', 'phone': '9210271677', 'email': 'Test13@gmail.com', 'login': 'Test13@gmail.com', 'password': 'Test1313'}
2025-06-08 08:18:02 | DEBUG | Making POST request to: http://localhost:8000/test/hs/api/auth/register
2025-06-08 08:18:02 | DEBUG | API response status: 201
2025-06-08 08:18:02 | ERROR | Не удалось удалить сообщение 512: Telegram server says - Bad Request: message to delete not found
2025-06-08 08:18:02 | ERROR | Не удалось удалить сообщение 512: Telegram server says - Bad Request: message to delete not found
2025-06-08 08:18:02 | ERROR | Не удалось удалить сообщение с паролем: Telegram server says - Bad Request: message to delete not found
2025-06-08 08:18:24 | DEBUG | Making POST request to: http://localhost:8000/test/hs/api/auth/login
2025-06-08 08:18:24 | DEBUG | API response status: 200
2025-06-08 08:18:24 | ERROR | Не удалось удалить сообщение с паролем: Telegram server says - Bad Request: message to delete not found
2025-06-08 08:18:33 | DEBUG | Making GET request to: http://localhost:8000/test/hs/api/catalog/products
2025-06-08 08:18:33 | DEBUG | API response status: 200
2025-06-08 08:18:33 | DEBUG | Получен ответ от API (products): {'status': 200, 'data': {'products': [{'Идентификатор': {'id': 'ac299bfb-2055-11f0-97f5-7c70dbf2d0e5'}, 'Код': '000000018', 'Наименование': 'Автомобильная камера задн', 'Описание': 'Камера заднего вида с широкоугольным объективом для парковки', 'Категория': {'id': 'e5e394a2-0ff8-11f0-97f3-7c70dbf2d0e5'}, 'КатегорияНаименование': 'Электроника', 'Цена': 2000, 'КоличествоНаСкладе': 0, 'Поставщик': {'id': '631f8eb9-1073-11f0-97f3-7c70dbf2d0e5'}, 'ПоставщикНаименование': 'Электроника для авто', 'ВНаличии': False}, {'Идентификатор': {'id': 'ac299c10-2055-11f0-97f5-7c70dbf2d0e5'}, 'Код': '000000039', 'Наименование': 'Автомобильная подушка', 'Описание': 'Подушка для шеи с подогревом, компактная', 'Категория': {'id': 'e5e394a6-0ff8-11f0-97f3-7c70dbf2d0e5'}, 'КатегорияНаименование': 'Аксессуары', 'Цена': 500, 'КоличествоНаСкладе': 0, 'Поставщик': {'id': '631f8ebd-1073-11f0-97f3-7c70dbf2d0e5'}, 'ПоставщикНаименование': 'Автоаксессуары', 'ВНаличии': False}, {'Идентификатор': {'id': 'ac299c0e-2055-11f0-97f5-7c70dbf2d0e5'}, 'Код': '000000037', 'Наименование': 'Автомобильные коврики', 'Описание': 'Резиновые коврики для легковых автомобилей, универсальный размер', 'Категория': {'id': 'e5e394a6-0ff8-11f0-97f3-7c70dbf2d0e5'}, 'КатегорияНаименование': 'Аксессуары', 'Цена': 800, 'КоличествоНаСкладе': 0, 'Поставщик': {'id': '631f8ebd-1073-11f0-97f3-7c70dbf2d0e5'}, 'ПоставщикНаименование': 'Автоаксессуары', 'ВНаличии': False}, {'Идентификатор': {'id': 'ac299bff-2055-11f0-97f5-7c70dbf2d0e5'}, 'Код': '000000022', 'Наименование': 'Автомобильный FM-трансмит', 'Описание': 'FM-трансмиттер для передачи аудио с телефона на автомагнитолу', 'Категория': {'id': 'e5e394a2-0ff8-11f0-97f3-7c70dbf2d0e5'}, 'КатегорияНаименование': 'Электроника', 'Цена': 700, 'КоличествоНаСкладе': 0, 'Поставщик': {'id': '631f8eb9-1073-11f0-97f3-7c70dbf2d0e5'}, 'ПоставщикНаименование': 'Электроника для авто', 'ВНаличии': False}, {'Идентификатор': {'id': 'ac299bfc-2055-11f0-97f5-7c70dbf2d0e5'}, 'Код': '000000019', 'Наименование': 'Автомобильный видеорегист', 'Описание': 'Видеорегистратор с разрешением Full HD и углом обзора 140°', 'Категория': {'id': 'e5e394a2-0ff8-11f0-97f3-7c70dbf2d0e5'}, 'КатегорияНаименование': 'Электроника', 'Цена': 2800, 'КоличествоНаСкладе': 0, 'Поставщик': {'id': '631f8eb9-1073-11f0-97f3-7c70dbf2d0e5'}, 'ПоставщикНаименование': 'Электроника для авто', 'ВНаличии': False}, {'Идентификатор': {'id': 'ac299bfe-2055-11f0-97f5-7c70dbf2d0e5'}, 'Код': '000000021', 'Наименование': 'Автомобильный инвертор', 'Описание': 'Инвертор для преобразования напряжения 12V в 220V', 'Категория': {'id': 'e5e394a2-0ff8-11f0-97f3-7c70dbf2d0e5'}, 'КатегорияНаименование': 'Электроника', 'Цена': 1600, 'КоличествоНаСкладе': 0, 'Поставщик': {'id': '631f8eb9-1073-11f0-97f3-7c70dbf2d0e5'}, 'ПоставщикНаименование': 'Электроника для авто', 'ВНаличии': False}, {'Идентификатор': {'id': 'ac299bfd-2055-11f0-97f5-7c70dbf2d0e5'}, 'Код': '000000020', 'Наименование': 'Автомобильный радар-детек', 'Описание': 'Радар-детектор с функцией GPS для определения камер скорости', 'Категория': {'id': 'e5e394a2-0ff8-11f0-97f3-7c70dbf2d0e5'}, 'КатегорияНаименование': 'Электроника', 'Цена': 4000, 'КоличествоНаСкладе': 0, 'Поставщик': {'id': '631f8eb9-1073-11f0-97f3-7c70dbf2d0e5'}, 'ПоставщикНаименование': 'Электроника для авто', 'ВНаличии': False}, {'Идентификатор': {'id': 'ac299c12-2055-11f0-97f5-7c70dbf2d0e5'}, 'Код': '000000041', 'Наименование': 'Автошампунь концентрат', 'Описание': 'Концентрированный автошампунь для мойки автомобиля', 'Категория': {'id': 'e5e394a7-0ff8-11f0-97f3-7c70dbf2d0e5'}, 'КатегорияНаименование': 'Автокосметика', 'Цена': 500, 'КоличествоНаСкладе': 0, 'Поставщик': {'id': '631f8ebe-1073-11f0-97f3-7c70dbf2d0e5'}, 'ПоставщикНаименование': 'Автокосметика премиум', 'ВНаличии': False}, {'Идентификатор': {'id': 'ac299bef-2055-11f0-97f5-7c70dbf2d0e5'}, 'Код': '000000006', 'Наименование': 'Амортизатор задний Toyot', 'Описание': 'Задний амортизатор для Toyota Camry.', 'Категория': {'id': '86573963-95d2-11ef-97db-8804e2f1591d'}, 'КатегорияНаименование': 'Запчасти', 'Цена': 3500, 'КоличествоНаСкладе': 15, 'Поставщик': {'id': '631f8ec0-1073-11f0-97f3-7c70dbf2d0e5'}, 'ПоставщикНаименование': 'Запчасти для авто', 'ВНаличии': True}, {'Идентификатор': {'id': 'ac299c1a-2055-11f0-97f5-7c70dbf2d0e5'}, 'Код': '000000049', 'Наименование': 'Анкерный болт 10х80', 'Описание': 'Анкерный болт диаметром 10 мм, длина 80 мм', 'Категория': {'id': 'e5e394a8-0ff8-11f0-97f3-7c70dbf2d0e5'}, 'КатегорияНаименование': 'Крепеж', 'Цена': 30, 'КоличествоНаСкладе': 0, 'Поставщик': {'id': '631f8ebf-1073-11f0-97f3-7c70dbf2d0e5'}, 'ПоставщикНаименование': 'Болты и гайки', 'ВНаличии': False}, {'Идентификатор': {'id': 'ac299c09-2055-11f0-97f5-7c70dbf2d0e5'}, 'Код': '000000032', 'Наименование': 'Бампер передний', 'Описание': 'Передний бампер для легковых автомобилей, универсальный размер', 'Категория': {'id': 'e5e394a5-0ff8-11f0-97f3-7c70dbf2d0e5'}, 'КатегорияНаименование': 'Кузовные детали', 'Цена': 3000, 'КоличествоНаСкладе': 0, 'Поставщик': {'id': '631f8ebc-1073-11f0-97f3-7c70dbf2d0e5'}, 'ПоставщикНаименование': 'Кузовные запчасти', 'ВНаличии': False}, {'Идентификатор': {'id': 'ac299c17-2055-11f0-97f5-7c70dbf2d0e5'}, 'Код': '000000046', 'Наименование': 'Болт М8х40', 'Описание': 'Болт с резьбой М8, длина 40 мм, класс прочности 8.8', 'Категория': {'id': 'e5e394a8-0ff8-11f0-97f3-7c70dbf2d0e5'}, 'КатегорияНаименование': 'Крепеж', 'Цена': 35, 'КоличествоНаСкладе': 0, 'Поставщик': {'id': '631f8ebf-1073-11f0-97f3-7c70dbf2d0e5'}, 'ПоставщикНаименование': 'Болты и гайки', 'ВНаличии': False}, {'Идентификатор': {'id': 'ac299c05-2055-11f0-97f5-7c70dbf2d0e5'}, 'Код': '000000028', 'Наименование': 'Воздушный фильтр двигател', 'Описание': 'Фильтр для очистки воздуха, поступающего в двигатель', 'Категория': {'id': 'e5e394a4-0ff8-11f0-97f3-7c70dbf2d0e5'}, 'КатегорияНаименование': 'Фильтры', 'Цена': 400, 'КоличествоНаСкладе': 0, 'Поставщик': {'id': '631f8ebb-1073-11f0-97f3-7c70dbf2d0e5'}, 'ПоставщикНаименование': 'Фильтры воздушные', 'ВНаличии': False}, {'Идентификатор': {'id': 'ac299bf8-2055-11f0-97f5-7c70dbf2d0e5'}, 'Код': '000000015', 'Наименование': 'Всесезонные шины 185/60 R', 'Описание': 'Всесезонные шины размером 185/60 R14 для легковых автомобилей', 'Категория': {'id': 'e5e394a1-0ff8-11f0-97f3-7c70dbf2d0e5'}, 'КатегорияНаименование': 'Шины', 'Цена': 2200, 'КоличествоНаСкладе': 0, 'Поставщик': {'id': '9f01076e-9da5-11ef-97dd-c5f4f4a16d8c'}, 'ПоставщикНаименование': 'Шины для легковых авто', 'ВНаличии': False}, {'Идентификатор': {'id': 'ac299c18-2055-11f0-97f5-7c70dbf2d0e5'}, 'Код': '000000047', 'Наименование': 'Гайка М10', 'Описание': 'Гайка с резьбой М10, класс прочности 6', 'Категория': {'id': 'e5e394a8-0ff8-11f0-97f3-7c70dbf2d0e5'}, 'КатегорияНаименование': 'Крепеж', 'Цена': 15, 'КоличествоНаСкладе': 0, 'Поставщик': {'id': '631f8ebf-1073-11f0-97f3-7c70dbf2d0e5'}, 'ПоставщикНаименование': 'Болты и гайки', 'ВНаличии': False}, {'Идентификатор': {'id': 'ac299bf9-2055-11f0-97f5-7c70dbf2d0e5'}, 'Код': '000000016', 'Наименование': 'Грузовые шины 225/75 R16', 'Описание': 'Грузовые шины размером 225/75 R16 для коммерческого транспорта', 'Категория': {'id': 'e5e394a1-0ff8-11f0-97f3-7c70dbf2d0e5'}, 'КатегорияНаименование': 'Шины', 'Цена': 3500, 'КоличествоНаСкладе': 20, 'Поставщик': {'id': '9f01076e-9da5-11ef-97dd-c5f4f4a16d8c'}, 'ПоставщикНаименование': 'Шины для легковых авто', 'ВНаличии': True}, {'Идентификатор': {'id': 'ac299c0b-2055-11f0-97f5-7c70dbf2d0e5'}, 'Код': '000000034', 'Наименование': 'Дверь передняя левая', 'Описание': 'Передняя левая дверь для легковых автомобилей, окрашенная', 'Категория': {'id': 'e5e394a5-0ff8-11f0-97f3-7c70dbf2d0e5'}, 'КатегорияНаименование': 'Кузовные детали', 'Цена': 5500, 'КоличествоНаСкладе': 0, 'Поставщик': {'id': '631f8ebc-1073-11f0-97f3-7c70dbf2d0e5'}, 'ПоставщикНаименование': 'Кузовные запчасти', 'ВНаличии': False}, {'Идентификатор': {'id': 'ac299bec-2055-11f0-97f5-7c70dbf2d0e5'}, 'Код': '000000003', 'Наименование': 'Двигатель BMW X5', 'Описание': 'Двигатель BMW X5', 'Категория': {'id': '86573963-95d2-11ef-97db-8804e2f1591d'}, 'КатегорияНаименование': 'Запчасти', 'Цена': 120000, 'КоличествоНаСкладе': 6, 'Поставщик': {'id': '631f8ec0-1073-11f0-97f3-7c70dbf2d0e5'}, 'ПоставщикНаименование': 'Запчасти для авто', 'ВНаличии': True}, {'Идентификатор': {'id': 'ac299c1c-2055-11f0-97f5-7c70dbf2d0e5'}, 'Код': '000000051', 'Наименование': 'Диагностика автомобиля', 'Описание': 'Комплексная диагностика автомобиля с использованием современного оборудования', 'Категория': {'id': '033983f2-114e-11f0-97f3-7c70dbf2d0e5'}, 'КатегорияНаименование': 'Услуги', 'Цена': 1000, 'КоличествоНаСкладе': 0, 'Поставщик': '', 'ПоставщикНаименование': '', 'ВНаличии': False}, {'Идентификатор': {'id': 'ac299c1d-2055-11f0-97f5-7c70dbf2d0e5'}, 'Код': '000000052', 'Наименование': 'Замена масла', 'Описание': 'Замена моторного масла и масляного фильтра', 'Категория': {'id': '033983f2-114e-11f0-97f3-7c70dbf2d0e5'}, 'КатегорияНаименование': 'Услуги', 'Цена': 800, 'КоличествоНаСкладе': 0, 'Поставщик': '', 'ПоставщикНаименование': '', 'ВНаличии': False}, {'Идентификатор': {'id': 'ac299c11-2055-11f0-97f5-7c70dbf2d0e5'}, 'Код': '000000040', 'Наименование': 'Защита картера стальная', 'Описание': 'Стальная защита картера для внедорожников', 'Категория': {'id': 'e5e394a6-0ff8-11f0-97f3-7c70dbf2d0e5'}, 'КатегорияНаименование': 'Аксессуары', 'Цена': 2000, 'КоличествоНаСкладе': 0, 'Поставщик': {'id': '631f8ebd-1073-11f0-97f3-7c70dbf2d0e5'}, 'ПоставщикНаименование': 'Автоаксессуары', 'ВНаличии': False}, {'Идентификатор': {'id': 'ac299c16-2055-11f0-97f5-7c70dbf2d0e5'}, 'Код': '000000045', 'Наименование': 'Защитный воск для кузова', 'Описание': 'Защитный воск для кузова, создает водоотталкивающий эффект', 'Категория': {'id': 'e5e394a7-0ff8-11f0-97f3-7c70dbf2d0e5'}, 'КатегорияНаименование': 'Автокосметика', 'Цена': 450, 'КоличествоНаСкладе': 0, 'Поставщик': {'id': '631f8ebe-1073-11f0-97f3-7c70dbf2d0e5'}, 'ПоставщикНаименование': 'Автокосметика премиум', 'ВНаличии': False}, {'Идентификатор': {'id': 'ac299c0d-2055-11f0-97f5-7c70dbf2d0e5'}, 'Код': '000000036', 'Наименование': 'Зеркало заднего вида лево', 'Описание': 'Левое зеркало заднего вида с электроприводом и подогревом', 'Категория': {'id': 'e5e394a5-0ff8-11f0-97f3-7c70dbf2d0e5'}, 'КатегорияНаименование': 'Кузовные детали', 'Цена': 1200, 'КоличествоНаСкладе': 0, 'Поставщик': {'id': '631f8ebc-1073-11f0-97f3-7c70dbf2d0e5'}, 'ПоставщикНаименование': 'Кузовные запчасти', 'ВНаличии': False}, {'Идентификатор': {'id': 'ac299bf7-2055-11f0-97f5-7c70dbf2d0e5'}, 'Код': '000000014', 'Наименование': 'Зимние шины 205/55 R16', 'Описание': 'Зимние шины размером 205/55 R16 для легковых автомобилей', 'Категория': {'id': 'e5e394a1-0ff8-11f0-97f3-7c70dbf2d0e5'}, 'КатегорияНаименование': 'Шины', 'Цена': 3000, 'КоличествоНаСкладе': 0, 'Поставщик': {'id': '9f01076e-9da5-11ef-97dd-c5f4f4a16d8c'}, 'ПоставщикНаименование': 'Шины для легковых авто', 'ВНаличии': False}, {'Идентификатор': {'id': 'ac299c0a-2055-11f0-97f5-7c70dbf2d0e5'}, 'Код': '000000033', 'Наименование': 'Капот', 'Описание': 'Капот для легковых автомобилей, окрашенный в белый цвет', 'Категория': {'id': 'e5e394a5-0ff8-11f0-97f3-7c70dbf2d0e5'}, 'КатегорияНаименование': 'Кузовные детали', 'Цена': 4000, 'КоличествоНаСкладе': 0, 'Поставщик': {'id': '631f8ebc-1073-11f0-97f3-7c70dbf2d0e5'}, 'ПоставщикНаименование': 'Кузовные запчасти', 'ВНаличии': False}, {'Идентификатор': {'id': 'ac299bf6-2055-11f0-97f5-7c70dbf2d0e5'}, 'Код': '000000013', 'Наименование': 'Летние шины 195/65 R15', 'Описание': 'Летние шины размером 195/65 R15 для легковых автомобилей', 'Категория': {'id': 'e5e394a1-0ff8-11f0-97f3-7c70dbf2d0e5'}, 'КатегорияНаименование': 'Шины', 'Цена': 2500, 'КоличествоНаСкладе': 0, 'Поставщик': {'id': '9f01076e-9da5-11ef-97dd-c5f4f4a16d8c'}, 'ПоставщикНаименование': 'Шины для легковых авто', 'ВНаличии': False}, {'Идентификатор': {'id': 'ac299c04-2055-11f0-97f5-7c70dbf2d0e5'}, 'Код': '000000027', 'Наименование': 'Масляный фильтр', 'Описание': 'Фильтр для очистки моторного масла', 'Категория': {'id': 'e5e394a4-0ff8-11f0-97f3-7c70dbf2d0e5'}, 'КатегорияНаименование': 'Фильтры', 'Цена': 300, 'КоличествоНаСкладе': 0, 'Поставщик': {'id': '631f8ebb-1073-11f0-97f3-7c70dbf2d0e5'}, 'ПоставщикНаименование': 'Фильтры воздушные', 'ВНаличии': False}, {'Идентификатор': {'id': 'ac299bf1-2055-11f0-97f5-7c70dbf2d0e5'}, 'Код': '000000008', 'Наименование': 'Молоток строительный', 'Описание': '', 'Категория': {'id': '1a66982d-a38c-11ef-97dd-c5f4f4a16d8c'}, 'КатегорияНаименование': 'Инструменты', 'Цена': 450, 'КоличествоНаСкладе': 5, 'Поставщик': '', 'ПоставщикНаименование': '', 'ВНаличии': True}, {'Идентификатор': {'id': 'ac299c02-2055-11f0-97f5-7c70dbf2d0e5'}, 'Код': '000000025', 'Наименование': 'Моторное масло 0W-20', 'Описание': 'Синтетическое моторное масло для современных двигателей', 'Категория': {'id': 'e5e394a3-0ff8-11f0-97f3-7c70dbf2d0e5'}, 'КатегорияНаименование': 'Масла и жидкости', 'Цена': 1500, 'КоличествоНаСкладе': 0, 'Поставщик': {'id': '631f8eba-1073-11f0-97f3-7c70dbf2d0e5'}, 'ПоставщикНаименование': 'Масло синтетическое', 'ВНаличии': False}, {'Идентификатор': {'id': 'ac299c01-2055-11f0-97f5-7c70dbf2d0e5'}, 'Код': '000000024', 'Наименование': 'Моторное масло 10W-40', 'Описание': 'Минеральное моторное масло для старых моделей автомобилей', 'Категория': {'id': 'e5e394a3-0ff8-11f0-97f3-7c70dbf2d0e5'}, 'КатегорияНаименование': 'Масла и жидкости', 'Цена': 800, 'КоличествоНаСкладе': 0, 'Поставщик': {'id': '631f8eba-1073-11f0-97f3-7c70dbf2d0e5'}, 'ПоставщикНаименование': 'Масло синтетическое', 'ВНаличии': False}, {'Идентификатор': {'id': 'ac299c00-2055-11f0-97f5-7c70dbf2d0e5'}, 'Код': '000000023', 'Наименование': 'Моторное масло 5W-40', 'Описание': 'Полусинтетическое моторное масло для бензиновых и дизельных двигателей', 'Категория': {'id': 'e5e394a3-0ff8-11f0-97f3-7c70dbf2d0e5'}, 'КатегорияНаименование': 'Масла и жидкости', 'Цена': 1000, 'КоличествоНаСкладе': 0, 'Поставщик': {'id': '631f8eba-1073-11f0-97f3-7c70dbf2d0e5'}, 'ПоставщикНаименование': 'Масло синтетическое', 'ВНаличии': False}, {'Идентификатор': {'id': '2be588b0-1a3c-11f0-97f3-7c70dbf2d0e5'}, 'Код': '000000001', 'Наименование': 'Моторное масло Shell Heli', 'Описание': 'Моторное масло Shell Helix 5W-40', 'Категория': {'id': 'e5e394a3-0ff8-11f0-97f3-7c70dbf2d0e5'}, 'КатегорияНаименование': 'Масла и жидкости', 'Цена': 1000, 'КоличествоНаСкладе': 50, 'Поставщик': {'id': '631f8eba-1073-11f0-97f3-7c70dbf2d0e5'}, 'ПоставщикНаименование': 'Масло синтетическое', 'ВНаличии': True}, {'Идентификатор': {'id': 'ac299bf2-2055-11f0-97f5-7c70dbf2d0e5'}, 'Код': '000000009', 'Наименование': 'Набор отверток', 'Описание': 'Набор отверток 4шт', 'Категория': {'id': '1a66982d-a38c-11ef-97dd-c5f4f4a16d8c'}, 'КатегорияНаименование': 'Инструменты', 'Цена': 550, 'КоличествоНаСкладе': 24, 'Поставщик': '', 'ПоставщикНаименование': '', 'ВНаличии': True}, {'Идентификатор': {'id': 'ac299bf4-2055-11f0-97f5-7c70dbf2d0e5'}, 'Код': '000000011', 'Наименование': 'Ножовка по металлу', 'Описание': 'Ножовка для резки металла с регулируемым натяжением полотна', 'Категория': {'id': '1a66982d-a38c-11ef-97dd-c5f4f4a16d8c'}, 'КатегорияНаименование': 'Инструменты', 'Цена': 700, 'КоличествоНаСкладе': 20, 'Поставщик': '', 'ПоставщикНаименование': '', 'ВНаличии': True}, {'Идентификатор': {'id': 'ac299c0f-2055-11f0-97f5-7c70dbf2d0e5'}, 'Код': '000000038', 'Наименование': 'Органайзер для багажника', 'Описание': 'Складной органайзер для багажника, водонепроницаемый материал', 'Категория': {'id': 'e5e394a6-0ff8-11f0-97f3-7c70dbf2d0e5'}, 'КатегорияНаименование': 'Аксессуары', 'Цена': 1000, 'КоличествоНаСкладе': 0, 'Поставщик': {'id': '631f8ebd-1073-11f0-97f3-7c70dbf2d0e5'}, 'ПоставщикНаименование': 'Автоаксессуары', 'ВНаличии': False}, {'Идентификатор': {'id': 'ac299c14-2055-11f0-97f5-7c70dbf2d0e5'}, 'Код': '000000043', 'Наименование': 'Очиститель стекол', 'Описание': 'Очиститель стекол от грязи и жира, объем 500 мл', 'Категория': {'id': 'e5e394a7-0ff8-11f0-97f3-7c70dbf2d0e5'}, 'КатегорияНаименование': 'Автокосметика', 'Цена': 650, 'КоличествоНаСкладе': 0, 'Поставщик': {'id': '631f8ebe-1073-11f0-97f3-7c70dbf2d0e5'}, 'ПоставщикНаименование': 'Автокосметика премиум', 'ВНаличии': False}, {'Идентификатор': {'id': 'ac299bf3-2055-11f0-97f5-7c70dbf2d0e5'}, 'Код': '000000010', 'Наименование': 'Пассатижи универсальные', 'Описание': 'Универсальные пассатижи для захвата и зажима деталей', 'Категория': {'id': '1a66982d-a38c-11ef-97dd-c5f4f4a16d8c'}, 'КатегорияНаименование': 'Инструменты', 'Цена': 350, 'КоличествоНаСкладе': 60, 'Поставщик': '', 'ПоставщикНаименование': '', 'ВНаличии': True}, {'Идентификатор': {'id': 'ac299c20-2055-11f0-97f5-7c70dbf2d0e5'}, 'Код': '000000055', 'Наименование': 'Покраска кузова', 'Описание': 'Локальная или полная покраска кузовных элементов с предварительной подготовкой поверхности', 'Категория': {'id': '033983f2-114e-11f0-97f3-7c70dbf2d0e5'}, 'КатегорияНаименование': 'Услуги', 'Цена': 5000, 'КоличествоНаСкладе': 0, 'Поставщик': '', 'ПоставщикНаименование': '', 'ВНаличии': False}, {'Идентификатор': {'id': 'ac299c13-2055-11f0-97f5-7c70dbf2d0e5'}, 'Код': '000000042', 'Наименование': 'Полироль для кузова', 'Описание': 'Полироль для восстановления блеска кузова автомобиля', 'Категория': {'id': 'e5e394a7-0ff8-11f0-97f3-7c70dbf2d0e5'}, 'КатегорияНаименование': 'Автокосметика', 'Цена': 550, 'КоличествоНаСкладе': 0, 'Поставщик': {'id': '631f8ebe-1073-11f0-97f3-7c70dbf2d0e5'}, 'ПоставщикНаименование': 'Автокосметика премиум', 'ВНаличии': False}, {'Идентификатор': {'id': 'ac299c1f-2055-11f0-97f5-7c70dbf2d0e5'}, 'Код': '000000054', 'Наименование': 'Развал-схождение', 'Описание': 'Регулировка углов установки колес для улучшения управляемости и снижения износа шин', 'Категория': '', 'КатегорияНаименование': '', 'Цена': 2000, 'КоличествоНаСкладе': 0, 'Поставщик': '', 'ПоставщикНаименование': '', 'ВНаличии': False}, {'Идентификатор': {'id': 'ac299bf0-2055-11f0-97f5-7c70dbf2d0e5'}, 'Код': '000000007', 'Наименование': 'Ремень ГРМ Volkswagen Pol', 'Описание': 'Ремень ГРМ для автомобилей Volkswagen Polo.', 'Категория': {'id': '86573963-95d2-11ef-97db-8804e2f1591d'}, 'КатегорияНаименование': 'Запчасти', 'Цена': 1200, 'КоличествоНаСкладе': 40, 'Поставщик': {'id': '631f8ec0-1073-11f0-97f3-7c70dbf2d0e5'}, 'ПоставщикНаименование': 'Запчасти для авто', 'ВНаличии': True}, {'Идентификатор': {'id': 'ac299c1e-2055-11f0-97f5-7c70dbf2d0e5'}, 'Код': '000000053', 'Наименование': 'Ремонт тормозной системы', 'Описание': 'Проверка и ремонт тормозной системы, замена колодок и дисков при необходимости', 'Категория': {'id': '033983f2-114e-11f0-97f3-7c70dbf2d0e5'}, 'КатегорияНаименование': 'Услуги', 'Цена': 3000, 'КоличествоНаСкладе': 0, 'Поставщик': '', 'ПоставщикНаименование': '', 'ВНаличии': False}, {'Идентификатор': {'id': 'ac299bf5-2055-11f0-97f5-7c70dbf2d0e5'}, 'Код': '000000012', 'Наименование': 'Рулетка измерительная', 'Описание': 'Измерительная рулетка длиной 5 метров для строительных работ', 'Категория': {'id': '1a66982d-a38c-11ef-97dd-c5f4f4a16d8c'}, 'КатегорияНаименование': 'Инструменты', 'Цена': 300, 'КоличествоНаСкладе': 27, 'Поставщик': '', 'ПоставщикНаименование': '', 'ВНаличии': True}, {'Идентификатор': {'id': 'ac299c19-2055-11f0-97f5-7c70dbf2d0e5'}, 'Код': '000000048', 'Наименование': 'Саморез по металлу 4.2х16', 'Описание': 'Саморез для крепления листового металла, длина 16 мм', 'Категория': {'id': 'e5e394a8-0ff8-11f0-97f3-7c70dbf2d0e5'}, 'КатегорияНаименование': 'Крепеж', 'Цена': 4, 'КоличествоНаСкладе': 0, 'Поставщик': {'id': '631f8ebf-1073-11f0-97f3-7c70dbf2d0e5'}, 'ПоставщикНаименование': 'Болты и гайки', 'ВНаличии': False}, {'Идентификатор': {'id': 'ac299bfa-2055-11f0-97f5-7c70dbf2d0e5'}, 'Код': '000000017', 'Наименование': 'Спортивные шины 245/40 R1', 'Описание': 'Спортивные шины размером 245/40 R18 для высокоскоростной езды', 'Категория': {'id': 'e5e394a1-0ff8-11f0-97f3-7c70dbf2d0e5'}, 'КатегорияНаименование': 'Шины', 'Цена': 5500, 'КоличествоНаСкладе': 15, 'Поставщик': {'id': '9f01076e-9da5-11ef-97dd-c5f4f4a16d8c'}, 'ПоставщикНаименование': 'Шины для легковых авто', 'ВНаличии': True}, {'Идентификатор': {'id': 'ac299c06-2055-11f0-97f5-7c70dbf2d0e5'}, 'Код': '000000029', 'Наименование': 'Топливный фильтр', 'Описание': 'Фильтр для очистки топлива перед подачей в двигатель', 'Категория': {'id': 'e5e394a4-0ff8-11f0-97f3-7c70dbf2d0e5'}, 'КатегорияНаименование': 'Фильтры', 'Цена': 550, 'КоличествоНаСкладе': 0, 'Поставщик': {'id': '631f8ebb-1073-11f0-97f3-7c70dbf2d0e5'}, 'ПоставщикНаименование': 'Фильтры воздушные', 'ВНаличии': False}, {'Идентификатор': {'id': 'ac299bed-2055-11f0-97f5-7c70dbf2d0e5'}, 'Код': '000000004', 'Наименование': 'Тормозные колодки Audi A6', 'Описание': 'Комплект тормозных колодок для Audi A6, передние.', 'Категория': {'id': '86573963-95d2-11ef-97db-8804e2f1591d'}, 'КатегорияНаименование': 'Запчасти', 'Цена': 2500, 'КоличествоНаСкладе': 30, 'Поставщик': {'id': '631f8ec0-1073-11f0-97f3-7c70dbf2d0e5'}, 'ПоставщикНаименование': 'Запчасти для авто', 'ВНаличии': True}, {'Идентификатор': {'id': '6ac409eb-1b07-11f0-97f5-7c70dbf2d0e5'}, 'Код': '000000002', 'Наименование': 'Тормозные колодки Brembo', 'Описание': 'Тормозные колодки Brembo', 'Категория': {'id': '86573963-95d2-11ef-97db-8804e2f1591d'}, 'КатегорияНаименование': 'Запчасти', 'Цена': 2500, 'КоличествоНаСкладе': 9, 'Поставщик': {'id': '631f8ec0-1073-11f0-97f3-7c70dbf2d0e5'}, 'ПоставщикНаименование': 'Запчасти для авто', 'ВНаличии': True}, {'Идентификатор': {'id': 'ac299c03-2055-11f0-97f5-7c70dbf2d0e5'}, 'Код': '000000026', 'Наименование': 'Трансмиссионное масло 75W', 'Описание': 'Трансмиссионное масло для механических коробок передач', 'Категория': {'id': 'e5e394a3-0ff8-11f0-97f3-7c70dbf2d0e5'}, 'КатегорияНаименование': 'Масла и жидкости', 'Цена': 1100, 'КоличествоНаСкладе': 0, 'Поставщик': {'id': '631f8eba-1073-11f0-97f3-7c70dbf2d0e5'}, 'ПоставщикНаименование': 'Масло синтетическое', 'ВНаличии': False}, {'Идентификатор': {'id': 'ac299c0c-2055-11f0-97f5-7c70dbf2d0e5'}, 'Код': '000000035', 'Наименование': 'Фара передняя правая', 'Описание': 'Правая передняя фара для легковых автомобилей, со встроенным поворотником', 'Категория': {'id': 'e5e394a5-0ff8-11f0-97f3-7c70dbf2d0e5'}, 'КатегорияНаименование': 'Кузовные детали', 'Цена': 2200, 'КоличествоНаСкладе': 0, 'Поставщик': {'id': '631f8ebc-1073-11f0-97f3-7c70dbf2d0e5'}, 'ПоставщикНаименование': 'Кузовные запчасти', 'ВНаличии': False}, {'Идентификатор': {'id': 'ac299c08-2055-11f0-97f5-7c70dbf2d0e5'}, 'Код': '000000031', 'Наименование': 'Фильтр гидроусилителя', 'Описание': 'Фильтр для системы гидроусилителя руля', 'Категория': {'id': 'e5e394a4-0ff8-11f0-97f3-7c70dbf2d0e5'}, 'КатегорияНаименование': 'Фильтры', 'Цена': 500, 'КоличествоНаСкладе': 0, 'Поставщик': {'id': '631f8ebb-1073-11f0-97f3-7c70dbf2d0e5'}, 'ПоставщикНаименование': 'Фильтры воздушные', 'ВНаличии': False}, {'Идентификатор': {'id': 'ac299bee-2055-11f0-97f5-7c70dbf2d0e5'}, 'Код': '000000005', 'Наименование': 'Фильтр масляный Mercedes-', 'Описание': 'Масляный фильтр для автомобилей Mercedes-Benz.', 'Категория': {'id': '86573963-95d2-11ef-97db-8804e2f1591d'}, 'КатегорияНаименование': 'Запчасти', 'Цена': 700, 'КоличествоНаСкладе': 12, 'Поставщик': {'id': '631f8ec0-1073-11f0-97f3-7c70dbf2d0e5'}, 'ПоставщикНаименование': 'Запчасти для авто', 'ВНаличии': True}, {'Идентификатор': {'id': 'ac299c07-2055-11f0-97f5-7c70dbf2d0e5'}, 'Код': '000000030', 'Наименование': 'Фильтр салона', 'Описание': 'Фильтр для очистки воздуха в салоне автомобиля', 'Категория': {'id': 'e5e394a4-0ff8-11f0-97f3-7c70dbf2d0e5'}, 'КатегорияНаименование': 'Фильтры', 'Цена': 300, 'КоличествоНаСкладе': 0, 'Поставщик': {'id': '631f8ebb-1073-11f0-97f3-7c70dbf2d0e5'}, 'ПоставщикНаименование': 'Фильтры воздушные', 'ВНаличии': False}, {'Идентификатор': {'id': 'ac299c1b-2055-11f0-97f5-7c70dbf2d0e5'}, 'Код': '000000050', 'Наименование': 'Хомут пластиковый 3.6х250', 'Описание': 'Пластиковый хомут для крепления проводов, длина 250 мм', 'Категория': {'id': 'e5e394a8-0ff8-11f0-97f3-7c70dbf2d0e5'}, 'КатегорияНаименование': 'Крепеж', 'Цена': 5, 'КоличествоНаСкладе': 0, 'Поставщик': {'id': '631f8ebf-1073-11f0-97f3-7c70dbf2d0e5'}, 'ПоставщикНаименование': 'Болты и гайки', 'ВНаличии': False}, {'Идентификатор': {'id': 'ac299c15-2055-11f0-97f5-7c70dbf2d0e5'}, 'Код': '000000044', 'Наименование': 'Чернитель шин', 'Описание': 'Чернитель для резины, придает шинам глубокий черный цвет', 'Категория': {'id': 'e5e394a7-0ff8-11f0-97f3-7c70dbf2d0e5'}, 'КатегорияНаименование': 'Автокосметика', 'Цена': 350, 'КоличествоНаСкладе': 0, 'Поставщик': {'id': '631f8ebe-1073-11f0-97f3-7c70dbf2d0e5'}, 'ПоставщикНаименование': 'Автокосметика премиум', 'ВНаличии': False}], 'stats': {'total': 55}}}
2025-06-08 08:18:33 | DEBUG | Данные продуктов: {'products': [{'Идентификатор': {'id': 'ac299bfb-2055-11f0-97f5-7c70dbf2d0e5'}, 'Код': '000000018', 'Наименование': 'Автомобильная камера задн', 'Описание': 'Камера заднего вида с широкоугольным объективом для парковки', 'Категория': {'id': 'e5e394a2-0ff8-11f0-97f3-7c70dbf2d0e5'}, 'КатегорияНаименование': 'Электроника', 'Цена': 2000, 'КоличествоНаСкладе': 0, 'Поставщик': {'id': '631f8eb9-1073-11f0-97f3-7c70dbf2d0e5'}, 'ПоставщикНаименование': 'Электроника для авто', 'ВНаличии': False}, {'Идентификатор': {'id': 'ac299c10-2055-11f0-97f5-7c70dbf2d0e5'}, 'Код': '000000039', 'Наименование': 'Автомобильная подушка', 'Описание': 'Подушка для шеи с подогревом, компактная', 'Категория': {'id': 'e5e394a6-0ff8-11f0-97f3-7c70dbf2d0e5'}, 'КатегорияНаименование': 'Аксессуары', 'Цена': 500, 'КоличествоНаСкладе': 0, 'Поставщик': {'id': '631f8ebd-1073-11f0-97f3-7c70dbf2d0e5'}, 'ПоставщикНаименование': 'Автоаксессуары', 'ВНаличии': False}, {'Идентификатор': {'id': 'ac299c0e-2055-11f0-97f5-7c70dbf2d0e5'}, 'Код': '000000037', 'Наименование': 'Автомобильные коврики', 'Описание': 'Резиновые коврики для легковых автомобилей, универсальный размер', 'Категория': {'id': 'e5e394a6-0ff8-11f0-97f3-7c70dbf2d0e5'}, 'КатегорияНаименование': 'Аксессуары', 'Цена': 800, 'КоличествоНаСкладе': 0, 'Поставщик': {'id': '631f8ebd-1073-11f0-97f3-7c70dbf2d0e5'}, 'ПоставщикНаименование': 'Автоаксессуары', 'ВНаличии': False}, {'Идентификатор': {'id': 'ac299bff-2055-11f0-97f5-7c70dbf2d0e5'}, 'Код': '000000022', 'Наименование': 'Автомобильный FM-трансмит', 'Описание': 'FM-трансмиттер для передачи аудио с телефона на автомагнитолу', 'Категория': {'id': 'e5e394a2-0ff8-11f0-97f3-7c70dbf2d0e5'}, 'КатегорияНаименование': 'Электроника', 'Цена': 700, 'КоличествоНаСкладе': 0, 'Поставщик': {'id': '631f8eb9-1073-11f0-97f3-7c70dbf2d0e5'}, 'ПоставщикНаименование': 'Электроника для авто', 'ВНаличии': False}, {'Идентификатор': {'id': 'ac299bfc-2055-11f0-97f5-7c70dbf2d0e5'}, 'Код': '000000019', 'Наименование': 'Автомобильный видеорегист', 'Описание': 'Видеорегистратор с разрешением Full HD и углом обзора 140°', 'Категория': {'id': 'e5e394a2-0ff8-11f0-97f3-7c70dbf2d0e5'}, 'КатегорияНаименование': 'Электроника', 'Цена': 2800, 'КоличествоНаСкладе': 0, 'Поставщик': {'id': '631f8eb9-1073-11f0-97f3-7c70dbf2d0e5'}, 'ПоставщикНаименование': 'Электроника для авто', 'ВНаличии': False}, {'Идентификатор': {'id': 'ac299bfe-2055-11f0-97f5-7c70dbf2d0e5'}, 'Код': '000000021', 'Наименование': 'Автомобильный инвертор', 'Описание': 'Инвертор для преобразования напряжения 12V в 220V', 'Категория': {'id': 'e5e394a2-0ff8-11f0-97f3-7c70dbf2d0e5'}, 'КатегорияНаименование': 'Электроника', 'Цена': 1600, 'КоличествоНаСкладе': 0, 'Поставщик': {'id': '631f8eb9-1073-11f0-97f3-7c70dbf2d0e5'}, 'ПоставщикНаименование': 'Электроника для авто', 'ВНаличии': False}, {'Идентификатор': {'id': 'ac299bfd-2055-11f0-97f5-7c70dbf2d0e5'}, 'Код': '000000020', 'Наименование': 'Автомобильный радар-детек', 'Описание': 'Радар-детектор с функцией GPS для определения камер скорости', 'Категория': {'id': 'e5e394a2-0ff8-11f0-97f3-7c70dbf2d0e5'}, 'КатегорияНаименование': 'Электроника', 'Цена': 4000, 'КоличествоНаСкладе': 0, 'Поставщик': {'id': '631f8eb9-1073-11f0-97f3-7c70dbf2d0e5'}, 'ПоставщикНаименование': 'Электроника для авто', 'ВНаличии': False}, {'Идентификатор': {'id': 'ac299c12-2055-11f0-97f5-7c70dbf2d0e5'}, 'Код': '000000041', 'Наименование': 'Автошампунь концентрат', 'Описание': 'Концентрированный автошампунь для мойки автомобиля', 'Категория': {'id': 'e5e394a7-0ff8-11f0-97f3-7c70dbf2d0e5'}, 'КатегорияНаименование': 'Автокосметика', 'Цена': 500, 'КоличествоНаСкладе': 0, 'Поставщик': {'id': '631f8ebe-1073-11f0-97f3-7c70dbf2d0e5'}, 'ПоставщикНаименование': 'Автокосметика премиум', 'ВНаличии': False}, {'Идентификатор': {'id': 'ac299bef-2055-11f0-97f5-7c70dbf2d0e5'}, 'Код': '000000006', 'Наименование': 'Амортизатор задний Toyot', 'Описание': 'Задний амортизатор для Toyota Camry.', 'Категория': {'id': '86573963-95d2-11ef-97db-8804e2f1591d'}, 'КатегорияНаименование': 'Запчасти', 'Цена': 3500, 'КоличествоНаСкладе': 15, 'Поставщик': {'id': '631f8ec0-1073-11f0-97f3-7c70dbf2d0e5'}, 'ПоставщикНаименование': 'Запчасти для авто', 'ВНаличии': True}, {'Идентификатор': {'id': 'ac299c1a-2055-11f0-97f5-7c70dbf2d0e5'}, 'Код': '000000049', 'Наименование': 'Анкерный болт 10х80', 'Описание': 'Анкерный болт диаметром 10 мм, длина 80 мм', 'Категория': {'id': 'e5e394a8-0ff8-11f0-97f3-7c70dbf2d0e5'}, 'КатегорияНаименование': 'Крепеж', 'Цена': 30, 'КоличествоНаСкладе': 0, 'Поставщик': {'id': '631f8ebf-1073-11f0-97f3-7c70dbf2d0e5'}, 'ПоставщикНаименование': 'Болты и гайки', 'ВНаличии': False}, {'Идентификатор': {'id': 'ac299c09-2055-11f0-97f5-7c70dbf2d0e5'}, 'Код': '000000032', 'Наименование': 'Бампер передний', 'Описание': 'Передний бампер для легковых автомобилей, универсальный размер', 'Категория': {'id': 'e5e394a5-0ff8-11f0-97f3-7c70dbf2d0e5'}, 'КатегорияНаименование': 'Кузовные детали', 'Цена': 3000, 'КоличествоНаСкладе': 0, 'Поставщик': {'id': '631f8ebc-1073-11f0-97f3-7c70dbf2d0e5'}, 'ПоставщикНаименование': 'Кузовные запчасти', 'ВНаличии': False}, {'Идентификатор': {'id': 'ac299c17-2055-11f0-97f5-7c70dbf2d0e5'}, 'Код': '000000046', 'Наименование': 'Болт М8х40', 'Описание': 'Болт с резьбой М8, длина 40 мм, класс прочности 8.8', 'Категория': {'id': 'e5e394a8-0ff8-11f0-97f3-7c70dbf2d0e5'}, 'КатегорияНаименование': 'Крепеж', 'Цена': 35, 'КоличествоНаСкладе': 0, 'Поставщик': {'id': '631f8ebf-1073-11f0-97f3-7c70dbf2d0e5'}, 'ПоставщикНаименование': 'Болты и гайки', 'ВНаличии': False}, {'Идентификатор': {'id': 'ac299c05-2055-11f0-97f5-7c70dbf2d0e5'}, 'Код': '000000028', 'Наименование': 'Воздушный фильтр двигател', 'Описание': 'Фильтр для очистки воздуха, поступающего в двигатель', 'Категория': {'id': 'e5e394a4-0ff8-11f0-97f3-7c70dbf2d0e5'}, 'КатегорияНаименование': 'Фильтры', 'Цена': 400, 'КоличествоНаСкладе': 0, 'Поставщик': {'id': '631f8ebb-1073-11f0-97f3-7c70dbf2d0e5'}, 'ПоставщикНаименование': 'Фильтры воздушные', 'ВНаличии': False}, {'Идентификатор': {'id': 'ac299bf8-2055-11f0-97f5-7c70dbf2d0e5'}, 'Код': '000000015', 'Наименование': 'Всесезонные шины 185/60 R', 'Описание': 'Всесезонные шины размером 185/60 R14 для легковых автомобилей', 'Категория': {'id': 'e5e394a1-0ff8-11f0-97f3-7c70dbf2d0e5'}, 'КатегорияНаименование': 'Шины', 'Цена': 2200, 'КоличествоНаСкладе': 0, 'Поставщик': {'id': '9f01076e-9da5-11ef-97dd-c5f4f4a16d8c'}, 'ПоставщикНаименование': 'Шины для легковых авто', 'ВНаличии': False}, {'Идентификатор': {'id': 'ac299c18-2055-11f0-97f5-7c70dbf2d0e5'}, 'Код': '000000047', 'Наименование': 'Гайка М10', 'Описание': 'Гайка с резьбой М10, класс прочности 6', 'Категория': {'id': 'e5e394a8-0ff8-11f0-97f3-7c70dbf2d0e5'}, 'КатегорияНаименование': 'Крепеж', 'Цена': 15, 'КоличествоНаСкладе': 0, 'Поставщик': {'id': '631f8ebf-1073-11f0-97f3-7c70dbf2d0e5'}, 'ПоставщикНаименование': 'Болты и гайки', 'ВНаличии': False}, {'Идентификатор': {'id': 'ac299bf9-2055-11f0-97f5-7c70dbf2d0e5'}, 'Код': '000000016', 'Наименование': 'Грузовые шины 225/75 R16', 'Описание': 'Грузовые шины размером 225/75 R16 для коммерческого транспорта', 'Категория': {'id': 'e5e394a1-0ff8-11f0-97f3-7c70dbf2d0e5'}, 'КатегорияНаименование': 'Шины', 'Цена': 3500, 'КоличествоНаСкладе': 20, 'Поставщик': {'id': '9f01076e-9da5-11ef-97dd-c5f4f4a16d8c'}, 'ПоставщикНаименование': 'Шины для легковых авто', 'ВНаличии': True}, {'Идентификатор': {'id': 'ac299c0b-2055-11f0-97f5-7c70dbf2d0e5'}, 'Код': '000000034', 'Наименование': 'Дверь передняя левая', 'Описание': 'Передняя левая дверь для легковых автомобилей, окрашенная', 'Категория': {'id': 'e5e394a5-0ff8-11f0-97f3-7c70dbf2d0e5'}, 'КатегорияНаименование': 'Кузовные детали', 'Цена': 5500, 'КоличествоНаСкладе': 0, 'Поставщик': {'id': '631f8ebc-1073-11f0-97f3-7c70dbf2d0e5'}, 'ПоставщикНаименование': 'Кузовные запчасти', 'ВНаличии': False}, {'Идентификатор': {'id': 'ac299bec-2055-11f0-97f5-7c70dbf2d0e5'}, 'Код': '000000003', 'Наименование': 'Двигатель BMW X5', 'Описание': 'Двигатель BMW X5', 'Категория': {'id': '86573963-95d2-11ef-97db-8804e2f1591d'}, 'КатегорияНаименование': 'Запчасти', 'Цена': 120000, 'КоличествоНаСкладе': 6, 'Поставщик': {'id': '631f8ec0-1073-11f0-97f3-7c70dbf2d0e5'}, 'ПоставщикНаименование': 'Запчасти для авто', 'ВНаличии': True}, {'Идентификатор': {'id': 'ac299c1c-2055-11f0-97f5-7c70dbf2d0e5'}, 'Код': '000000051', 'Наименование': 'Диагностика автомобиля', 'Описание': 'Комплексная диагностика автомобиля с использованием современного оборудования', 'Категория': {'id': '033983f2-114e-11f0-97f3-7c70dbf2d0e5'}, 'КатегорияНаименование': 'Услуги', 'Цена': 1000, 'КоличествоНаСкладе': 0, 'Поставщик': '', 'ПоставщикНаименование': '', 'ВНаличии': False}, {'Идентификатор': {'id': 'ac299c1d-2055-11f0-97f5-7c70dbf2d0e5'}, 'Код': '000000052', 'Наименование': 'Замена масла', 'Описание': 'Замена моторного масла и масляного фильтра', 'Категория': {'id': '033983f2-114e-11f0-97f3-7c70dbf2d0e5'}, 'КатегорияНаименование': 'Услуги', 'Цена': 800, 'КоличествоНаСкладе': 0, 'Поставщик': '', 'ПоставщикНаименование': '', 'ВНаличии': False}, {'Идентификатор': {'id': 'ac299c11-2055-11f0-97f5-7c70dbf2d0e5'}, 'Код': '000000040', 'Наименование': 'Защита картера стальная', 'Описание': 'Стальная защита картера для внедорожников', 'Категория': {'id': 'e5e394a6-0ff8-11f0-97f3-7c70dbf2d0e5'}, 'КатегорияНаименование': 'Аксессуары', 'Цена': 2000, 'КоличествоНаСкладе': 0, 'Поставщик': {'id': '631f8ebd-1073-11f0-97f3-7c70dbf2d0e5'}, 'ПоставщикНаименование': 'Автоаксессуары', 'ВНаличии': False}, {'Идентификатор': {'id': 'ac299c16-2055-11f0-97f5-7c70dbf2d0e5'}, 'Код': '000000045', 'Наименование': 'Защитный воск для кузова', 'Описание': 'Защитный воск для кузова, создает водоотталкивающий эффект', 'Категория': {'id': 'e5e394a7-0ff8-11f0-97f3-7c70dbf2d0e5'}, 'КатегорияНаименование': 'Автокосметика', 'Цена': 450, 'КоличествоНаСкладе': 0, 'Поставщик': {'id': '631f8ebe-1073-11f0-97f3-7c70dbf2d0e5'}, 'ПоставщикНаименование': 'Автокосметика премиум', 'ВНаличии': False}, {'Идентификатор': {'id': 'ac299c0d-2055-11f0-97f5-7c70dbf2d0e5'}, 'Код': '000000036', 'Наименование': 'Зеркало заднего вида лево', 'Описание': 'Левое зеркало заднего вида с электроприводом и подогревом', 'Категория': {'id': 'e5e394a5-0ff8-11f0-97f3-7c70dbf2d0e5'}, 'КатегорияНаименование': 'Кузовные детали', 'Цена': 1200, 'КоличествоНаСкладе': 0, 'Поставщик': {'id': '631f8ebc-1073-11f0-97f3-7c70dbf2d0e5'}, 'ПоставщикНаименование': 'Кузовные запчасти', 'ВНаличии': False}, {'Идентификатор': {'id': 'ac299bf7-2055-11f0-97f5-7c70dbf2d0e5'}, 'Код': '000000014', 'Наименование': 'Зимние шины 205/55 R16', 'Описание': 'Зимние шины размером 205/55 R16 для легковых автомобилей', 'Категория': {'id': 'e5e394a1-0ff8-11f0-97f3-7c70dbf2d0e5'}, 'КатегорияНаименование': 'Шины', 'Цена': 3000, 'КоличествоНаСкладе': 0, 'Поставщик': {'id': '9f01076e-9da5-11ef-97dd-c5f4f4a16d8c'}, 'ПоставщикНаименование': 'Шины для легковых авто', 'ВНаличии': False}, {'Идентификатор': {'id': 'ac299c0a-2055-11f0-97f5-7c70dbf2d0e5'}, 'Код': '000000033', 'Наименование': 'Капот', 'Описание': 'Капот для легковых автомобилей, окрашенный в белый цвет', 'Категория': {'id': 'e5e394a5-0ff8-11f0-97f3-7c70dbf2d0e5'}, 'КатегорияНаименование': 'Кузовные детали', 'Цена': 4000, 'КоличествоНаСкладе': 0, 'Поставщик': {'id': '631f8ebc-1073-11f0-97f3-7c70dbf2d0e5'}, 'ПоставщикНаименование': 'Кузовные запчасти', 'ВНаличии': False}, {'Идентификатор': {'id': 'ac299bf6-2055-11f0-97f5-7c70dbf2d0e5'}, 'Код': '000000013', 'Наименование': 'Летние шины 195/65 R15', 'Описание': 'Летние шины размером 195/65 R15 для легковых автомобилей', 'Категория': {'id': 'e5e394a1-0ff8-11f0-97f3-7c70dbf2d0e5'}, 'КатегорияНаименование': 'Шины', 'Цена': 2500, 'КоличествоНаСкладе': 0, 'Поставщик': {'id': '9f01076e-9da5-11ef-97dd-c5f4f4a16d8c'}, 'ПоставщикНаименование': 'Шины для легковых авто', 'ВНаличии': False}, {'Идентификатор': {'id': 'ac299c04-2055-11f0-97f5-7c70dbf2d0e5'}, 'Код': '000000027', 'Наименование': 'Масляный фильтр', 'Описание': 'Фильтр для очистки моторного масла', 'Категория': {'id': 'e5e394a4-0ff8-11f0-97f3-7c70dbf2d0e5'}, 'КатегорияНаименование': 'Фильтры', 'Цена': 300, 'КоличествоНаСкладе': 0, 'Поставщик': {'id': '631f8ebb-1073-11f0-97f3-7c70dbf2d0e5'}, 'ПоставщикНаименование': 'Фильтры воздушные', 'ВНаличии': False}, {'Идентификатор': {'id': 'ac299bf1-2055-11f0-97f5-7c70dbf2d0e5'}, 'Код': '000000008', 'Наименование': 'Молоток строительный', 'Описание': '', 'Категория': {'id': '1a66982d-a38c-11ef-97dd-c5f4f4a16d8c'}, 'КатегорияНаименование': 'Инструменты', 'Цена': 450, 'КоличествоНаСкладе': 5, 'Поставщик': '', 'ПоставщикНаименование': '', 'ВНаличии': True}, {'Идентификатор': {'id': 'ac299c02-2055-11f0-97f5-7c70dbf2d0e5'}, 'Код': '000000025', 'Наименование': 'Моторное масло 0W-20', 'Описание': 'Синтетическое моторное масло для современных двигателей', 'Категория': {'id': 'e5e394a3-0ff8-11f0-97f3-7c70dbf2d0e5'}, 'КатегорияНаименование': 'Масла и жидкости', 'Цена': 1500, 'КоличествоНаСкладе': 0, 'Поставщик': {'id': '631f8eba-1073-11f0-97f3-7c70dbf2d0e5'}, 'ПоставщикНаименование': 'Масло синтетическое', 'ВНаличии': False}, {'Идентификатор': {'id': 'ac299c01-2055-11f0-97f5-7c70dbf2d0e5'}, 'Код': '000000024', 'Наименование': 'Моторное масло 10W-40', 'Описание': 'Минеральное моторное масло для старых моделей автомобилей', 'Категория': {'id': 'e5e394a3-0ff8-11f0-97f3-7c70dbf2d0e5'}, 'КатегорияНаименование': 'Масла и жидкости', 'Цена': 800, 'КоличествоНаСкладе': 0, 'Поставщик': {'id': '631f8eba-1073-11f0-97f3-7c70dbf2d0e5'}, 'ПоставщикНаименование': 'Масло синтетическое', 'ВНаличии': False}, {'Идентификатор': {'id': 'ac299c00-2055-11f0-97f5-7c70dbf2d0e5'}, 'Код': '000000023', 'Наименование': 'Моторное масло 5W-40', 'Описание': 'Полусинтетическое моторное масло для бензиновых и дизельных двигателей', 'Категория': {'id': 'e5e394a3-0ff8-11f0-97f3-7c70dbf2d0e5'}, 'КатегорияНаименование': 'Масла и жидкости', 'Цена': 1000, 'КоличествоНаСкладе': 0, 'Поставщик': {'id': '631f8eba-1073-11f0-97f3-7c70dbf2d0e5'}, 'ПоставщикНаименование': 'Масло синтетическое', 'ВНаличии': False}, {'Идентификатор': {'id': '2be588b0-1a3c-11f0-97f3-7c70dbf2d0e5'}, 'Код': '000000001', 'Наименование': 'Моторное масло Shell Heli', 'Описание': 'Моторное масло Shell Helix 5W-40', 'Категория': {'id': 'e5e394a3-0ff8-11f0-97f3-7c70dbf2d0e5'}, 'КатегорияНаименование': 'Масла и жидкости', 'Цена': 1000, 'КоличествоНаСкладе': 50, 'Поставщик': {'id': '631f8eba-1073-11f0-97f3-7c70dbf2d0e5'}, 'ПоставщикНаименование': 'Масло синтетическое', 'ВНаличии': True}, {'Идентификатор': {'id': 'ac299bf2-2055-11f0-97f5-7c70dbf2d0e5'}, 'Код': '000000009', 'Наименование': 'Набор отверток', 'Описание': 'Набор отверток 4шт', 'Категория': {'id': '1a66982d-a38c-11ef-97dd-c5f4f4a16d8c'}, 'КатегорияНаименование': 'Инструменты', 'Цена': 550, 'КоличествоНаСкладе': 24, 'Поставщик': '', 'ПоставщикНаименование': '', 'ВНаличии': True}, {'Идентификатор': {'id': 'ac299bf4-2055-11f0-97f5-7c70dbf2d0e5'}, 'Код': '000000011', 'Наименование': 'Ножовка по металлу', 'Описание': 'Ножовка для резки металла с регулируемым натяжением полотна', 'Категория': {'id': '1a66982d-a38c-11ef-97dd-c5f4f4a16d8c'}, 'КатегорияНаименование': 'Инструменты', 'Цена': 700, 'КоличествоНаСкладе': 20, 'Поставщик': '', 'ПоставщикНаименование': '', 'ВНаличии': True}, {'Идентификатор': {'id': 'ac299c0f-2055-11f0-97f5-7c70dbf2d0e5'}, 'Код': '000000038', 'Наименование': 'Органайзер для багажника', 'Описание': 'Складной органайзер для багажника, водонепроницаемый материал', 'Категория': {'id': 'e5e394a6-0ff8-11f0-97f3-7c70dbf2d0e5'}, 'КатегорияНаименование': 'Аксессуары', 'Цена': 1000, 'КоличествоНаСкладе': 0, 'Поставщик': {'id': '631f8ebd-1073-11f0-97f3-7c70dbf2d0e5'}, 'ПоставщикНаименование': 'Автоаксессуары', 'ВНаличии': False}, {'Идентификатор': {'id': 'ac299c14-2055-11f0-97f5-7c70dbf2d0e5'}, 'Код': '000000043', 'Наименование': 'Очиститель стекол', 'Описание': 'Очиститель стекол от грязи и жира, объем 500 мл', 'Категория': {'id': 'e5e394a7-0ff8-11f0-97f3-7c70dbf2d0e5'}, 'КатегорияНаименование': 'Автокосметика', 'Цена': 650, 'КоличествоНаСкладе': 0, 'Поставщик': {'id': '631f8ebe-1073-11f0-97f3-7c70dbf2d0e5'}, 'ПоставщикНаименование': 'Автокосметика премиум', 'ВНаличии': False}, {'Идентификатор': {'id': 'ac299bf3-2055-11f0-97f5-7c70dbf2d0e5'}, 'Код': '000000010', 'Наименование': 'Пассатижи универсальные', 'Описание': 'Универсальные пассатижи для захвата и зажима деталей', 'Категория': {'id': '1a66982d-a38c-11ef-97dd-c5f4f4a16d8c'}, 'КатегорияНаименование': 'Инструменты', 'Цена': 350, 'КоличествоНаСкладе': 60, 'Поставщик': '', 'ПоставщикНаименование': '', 'ВНаличии': True}, {'Идентификатор': {'id': 'ac299c20-2055-11f0-97f5-7c70dbf2d0e5'}, 'Код': '000000055', 'Наименование': 'Покраска кузова', 'Описание': 'Локальная или полная покраска кузовных элементов с предварительной подготовкой поверхности', 'Категория': {'id': '033983f2-114e-11f0-97f3-7c70dbf2d0e5'}, 'КатегорияНаименование': 'Услуги', 'Цена': 5000, 'КоличествоНаСкладе': 0, 'Поставщик': '', 'ПоставщикНаименование': '', 'ВНаличии': False}, {'Идентификатор': {'id': 'ac299c13-2055-11f0-97f5-7c70dbf2d0e5'}, 'Код': '000000042', 'Наименование': 'Полироль для кузова', 'Описание': 'Полироль для восстановления блеска кузова автомобиля', 'Категория': {'id': 'e5e394a7-0ff8-11f0-97f3-7c70dbf2d0e5'}, 'КатегорияНаименование': 'Автокосметика', 'Цена': 550, 'КоличествоНаСкладе': 0, 'Поставщик': {'id': '631f8ebe-1073-11f0-97f3-7c70dbf2d0e5'}, 'ПоставщикНаименование': 'Автокосметика премиум', 'ВНаличии': False}, {'Идентификатор': {'id': 'ac299c1f-2055-11f0-97f5-7c70dbf2d0e5'}, 'Код': '000000054', 'Наименование': 'Развал-схождение', 'Описание': 'Регулировка углов установки колес для улучшения управляемости и снижения износа шин', 'Категория': '', 'КатегорияНаименование': '', 'Цена': 2000, 'КоличествоНаСкладе': 0, 'Поставщик': '', 'ПоставщикНаименование': '', 'ВНаличии': False}, {'Идентификатор': {'id': 'ac299bf0-2055-11f0-97f5-7c70dbf2d0e5'}, 'Код': '000000007', 'Наименование': 'Ремень ГРМ Volkswagen Pol', 'Описание': 'Ремень ГРМ для автомобилей Volkswagen Polo.', 'Категория': {'id': '86573963-95d2-11ef-97db-8804e2f1591d'}, 'КатегорияНаименование': 'Запчасти', 'Цена': 1200, 'КоличествоНаСкладе': 40, 'Поставщик': {'id': '631f8ec0-1073-11f0-97f3-7c70dbf2d0e5'}, 'ПоставщикНаименование': 'Запчасти для авто', 'ВНаличии': True}, {'Идентификатор': {'id': 'ac299c1e-2055-11f0-97f5-7c70dbf2d0e5'}, 'Код': '000000053', 'Наименование': 'Ремонт тормозной системы', 'Описание': 'Проверка и ремонт тормозной системы, замена колодок и дисков при необходимости', 'Категория': {'id': '033983f2-114e-11f0-97f3-7c70dbf2d0e5'}, 'КатегорияНаименование': 'Услуги', 'Цена': 3000, 'КоличествоНаСкладе': 0, 'Поставщик': '', 'ПоставщикНаименование': '', 'ВНаличии': False}, {'Идентификатор': {'id': 'ac299bf5-2055-11f0-97f5-7c70dbf2d0e5'}, 'Код': '000000012', 'Наименование': 'Рулетка измерительная', 'Описание': 'Измерительная рулетка длиной 5 метров для строительных работ', 'Категория': {'id': '1a66982d-a38c-11ef-97dd-c5f4f4a16d8c'}, 'КатегорияНаименование': 'Инструменты', 'Цена': 300, 'КоличествоНаСкладе': 27, 'Поставщик': '', 'ПоставщикНаименование': '', 'ВНаличии': True}, {'Идентификатор': {'id': 'ac299c19-2055-11f0-97f5-7c70dbf2d0e5'}, 'Код': '000000048', 'Наименование': 'Саморез по металлу 4.2х16', 'Описание': 'Саморез для крепления листового металла, длина 16 мм', 'Категория': {'id': 'e5e394a8-0ff8-11f0-97f3-7c70dbf2d0e5'}, 'КатегорияНаименование': 'Крепеж', 'Цена': 4, 'КоличествоНаСкладе': 0, 'Поставщик': {'id': '631f8ebf-1073-11f0-97f3-7c70dbf2d0e5'}, 'ПоставщикНаименование': 'Болты и гайки', 'ВНаличии': False}, {'Идентификатор': {'id': 'ac299bfa-2055-11f0-97f5-7c70dbf2d0e5'}, 'Код': '000000017', 'Наименование': 'Спортивные шины 245/40 R1', 'Описание': 'Спортивные шины размером 245/40 R18 для высокоскоростной езды', 'Категория': {'id': 'e5e394a1-0ff8-11f0-97f3-7c70dbf2d0e5'}, 'КатегорияНаименование': 'Шины', 'Цена': 5500, 'КоличествоНаСкладе': 15, 'Поставщик': {'id': '9f01076e-9da5-11ef-97dd-c5f4f4a16d8c'}, 'ПоставщикНаименование': 'Шины для легковых авто', 'ВНаличии': True}, {'Идентификатор': {'id': 'ac299c06-2055-11f0-97f5-7c70dbf2d0e5'}, 'Код': '000000029', 'Наименование': 'Топливный фильтр', 'Описание': 'Фильтр для очистки топлива перед подачей в двигатель', 'Категория': {'id': 'e5e394a4-0ff8-11f0-97f3-7c70dbf2d0e5'}, 'КатегорияНаименование': 'Фильтры', 'Цена': 550, 'КоличествоНаСкладе': 0, 'Поставщик': {'id': '631f8ebb-1073-11f0-97f3-7c70dbf2d0e5'}, 'ПоставщикНаименование': 'Фильтры воздушные', 'ВНаличии': False}, {'Идентификатор': {'id': 'ac299bed-2055-11f0-97f5-7c70dbf2d0e5'}, 'Код': '000000004', 'Наименование': 'Тормозные колодки Audi A6', 'Описание': 'Комплект тормозных колодок для Audi A6, передние.', 'Категория': {'id': '86573963-95d2-11ef-97db-8804e2f1591d'}, 'КатегорияНаименование': 'Запчасти', 'Цена': 2500, 'КоличествоНаСкладе': 30, 'Поставщик': {'id': '631f8ec0-1073-11f0-97f3-7c70dbf2d0e5'}, 'ПоставщикНаименование': 'Запчасти для авто', 'ВНаличии': True}, {'Идентификатор': {'id': '6ac409eb-1b07-11f0-97f5-7c70dbf2d0e5'}, 'Код': '000000002', 'Наименование': 'Тормозные колодки Brembo', 'Описание': 'Тормозные колодки Brembo', 'Категория': {'id': '86573963-95d2-11ef-97db-8804e2f1591d'}, 'КатегорияНаименование': 'Запчасти', 'Цена': 2500, 'КоличествоНаСкладе': 9, 'Поставщик': {'id': '631f8ec0-1073-11f0-97f3-7c70dbf2d0e5'}, 'ПоставщикНаименование': 'Запчасти для авто', 'ВНаличии': True}, {'Идентификатор': {'id': 'ac299c03-2055-11f0-97f5-7c70dbf2d0e5'}, 'Код': '000000026', 'Наименование': 'Трансмиссионное масло 75W', 'Описание': 'Трансмиссионное масло для механических коробок передач', 'Категория': {'id': 'e5e394a3-0ff8-11f0-97f3-7c70dbf2d0e5'}, 'КатегорияНаименование': 'Масла и жидкости', 'Цена': 1100, 'КоличествоНаСкладе': 0, 'Поставщик': {'id': '631f8eba-1073-11f0-97f3-7c70dbf2d0e5'}, 'ПоставщикНаименование': 'Масло синтетическое', 'ВНаличии': False}, {'Идентификатор': {'id': 'ac299c0c-2055-11f0-97f5-7c70dbf2d0e5'}, 'Код': '000000035', 'Наименование': 'Фара передняя правая', 'Описание': 'Правая передняя фара для легковых автомобилей, со встроенным поворотником', 'Категория': {'id': 'e5e394a5-0ff8-11f0-97f3-7c70dbf2d0e5'}, 'КатегорияНаименование': 'Кузовные детали', 'Цена': 2200, 'КоличествоНаСкладе': 0, 'Поставщик': {'id': '631f8ebc-1073-11f0-97f3-7c70dbf2d0e5'}, 'ПоставщикНаименование': 'Кузовные запчасти', 'ВНаличии': False}, {'Идентификатор': {'id': 'ac299c08-2055-11f0-97f5-7c70dbf2d0e5'}, 'Код': '000000031', 'Наименование': 'Фильтр гидроусилителя', 'Описание': 'Фильтр для системы гидроусилителя руля', 'Категория': {'id': 'e5e394a4-0ff8-11f0-97f3-7c70dbf2d0e5'}, 'КатегорияНаименование': 'Фильтры', 'Цена': 500, 'КоличествоНаСкладе': 0, 'Поставщик': {'id': '631f8ebb-1073-11f0-97f3-7c70dbf2d0e5'}, 'ПоставщикНаименование': 'Фильтры воздушные', 'ВНаличии': False}, {'Идентификатор': {'id': 'ac299bee-2055-11f0-97f5-7c70dbf2d0e5'}, 'Код': '000000005', 'Наименование': 'Фильтр масляный Mercedes-', 'Описание': 'Масляный фильтр для автомобилей Mercedes-Benz.', 'Категория': {'id': '86573963-95d2-11ef-97db-8804e2f1591d'}, 'КатегорияНаименование': 'Запчасти', 'Цена': 700, 'КоличествоНаСкладе': 12, 'Поставщик': {'id': '631f8ec0-1073-11f0-97f3-7c70dbf2d0e5'}, 'ПоставщикНаименование': 'Запчасти для авто', 'ВНаличии': True}, {'Идентификатор': {'id': 'ac299c07-2055-11f0-97f5-7c70dbf2d0e5'}, 'Код': '000000030', 'Наименование': 'Фильтр салона', 'Описание': 'Фильтр для очистки воздуха в салоне автомобиля', 'Категория': {'id': 'e5e394a4-0ff8-11f0-97f3-7c70dbf2d0e5'}, 'КатегорияНаименование': 'Фильтры', 'Цена': 300, 'КоличествоНаСкладе': 0, 'Поставщик': {'id': '631f8ebb-1073-11f0-97f3-7c70dbf2d0e5'}, 'ПоставщикНаименование': 'Фильтры воздушные', 'ВНаличии': False}, {'Идентификатор': {'id': 'ac299c1b-2055-11f0-97f5-7c70dbf2d0e5'}, 'Код': '000000050', 'Наименование': 'Хомут пластиковый 3.6х250', 'Описание': 'Пластиковый хомут для крепления проводов, длина 250 мм', 'Категория': {'id': 'e5e394a8-0ff8-11f0-97f3-7c70dbf2d0e5'}, 'КатегорияНаименование': 'Крепеж', 'Цена': 5, 'КоличествоНаСкладе': 0, 'Поставщик': {'id': '631f8ebf-1073-11f0-97f3-7c70dbf2d0e5'}, 'ПоставщикНаименование': 'Болты и гайки', 'ВНаличии': False}, {'Идентификатор': {'id': 'ac299c15-2055-11f0-97f5-7c70dbf2d0e5'}, 'Код': '000000044', 'Наименование': 'Чернитель шин', 'Описание': 'Чернитель для резины, придает шинам глубокий черный цвет', 'Категория': {'id': 'e5e394a7-0ff8-11f0-97f3-7c70dbf2d0e5'}, 'КатегорияНаименование': 'Автокосметика', 'Цена': 350, 'КоличествоНаСкладе': 0, 'Поставщик': {'id': '631f8ebe-1073-11f0-97f3-7c70dbf2d0e5'}, 'ПоставщикНаименование': 'Автокосметика премиум', 'ВНаличии': False}], 'stats': {'total': 55}}
2025-06-08 08:18:35 | DEBUG | Запрос товара по коду: 000000006
2025-06-08 08:18:35 | DEBUG | Making GET request to: http://localhost:8000/test/hs/api/catalog/products/000000006
2025-06-08 08:18:35 | DEBUG | API response status: 200
2025-06-08 08:18:35 | DEBUG | Ответ API для товара 000000006: статус 200
2025-06-08 08:18:35 | DEBUG | Полученные данные о товаре после обработки: {'Идентификатор': {'id': 'ac299bef-2055-11f0-97f5-7c70dbf2d0e5'}, 'Код': '000000006', 'Наименование': 'Амортизатор задний Toyot', 'Описание': 'Задний амортизатор для Toyota Camry.', 'Категория': {'id': '86573963-95d2-11ef-97db-8804e2f1591d'}, 'КатегорияНаименование': 'Запчасти', 'Цена': 3500, 'КоличествоНаСкладе': 15, 'Поставщик': {'id': '631f8ec0-1073-11f0-97f3-7c70dbf2d0e5'}, 'ПоставщикНаименование': 'Запчасти для авто', 'ВНаличии': True, 'МинимальныйЗапас': 10}
2025-06-08 08:18:42 | INFO | Обработчик 'order_history' вызван!
2025-06-08 08:18:42 | DEBUG | Запрос истории покупок по номеру телефона: 79991234567
2025-06-08 08:18:42 | ERROR | Ошибка при получении истории заказов: 'ApiService' object has no attribute 'get_current_token'
2025-06-08 08:18:45 | INFO | Обработчик 'my_cars' вызван!
2025-06-08 08:18:50 | INFO | Обработчик 'promotions' вызван!
2025-06-08 08:18:54 | INFO | Обработчик 'about' вызван!
2025-06-08 08:18:58 | DEBUG | Making GET request to: http://localhost:8000/test/hs/api/catalog/services
2025-06-08 08:18:58 | DEBUG | API response status: 200
2025-06-08 08:18:58 | DEBUG | Получен ответ от API (services): {'status': 200, 'data': {'services': [{'Идентификатор': {'id': 'ac299c1c-2055-11f0-97f5-7c70dbf2d0e5'}, 'Код': '000000051', 'Наименование': 'Диагностика автомобиля', 'Описание': 'Комплексная диагностика автомобиля с использованием современного оборудования', 'Категория': {'id': '033983f2-114e-11f0-97f3-7c70dbf2d0e5'}, 'КатегорияНаименование': 'Услуги', 'Цена': 1000}, {'Идентификатор': {'id': 'ac299c1d-2055-11f0-97f5-7c70dbf2d0e5'}, 'Код': '000000052', 'Наименование': 'Замена масла', 'Описание': 'Замена моторного масла и масляного фильтра', 'Категория': {'id': '033983f2-114e-11f0-97f3-7c70dbf2d0e5'}, 'КатегорияНаименование': 'Услуги', 'Цена': 800}, {'Идентификатор': {'id': 'ac299c20-2055-11f0-97f5-7c70dbf2d0e5'}, 'Код': '000000055', 'Наименование': 'Покраска кузова', 'Описание': 'Локальная или полная покраска кузовных элементов с предварительной подготовкой поверхности', 'Категория': {'id': '033983f2-114e-11f0-97f3-7c70dbf2d0e5'}, 'КатегорияНаименование': 'Услуги', 'Цена': 5000}, {'Идентификатор': {'id': 'ac299c1e-2055-11f0-97f5-7c70dbf2d0e5'}, 'Код': '000000053', 'Наименование': 'Ремонт тормозной системы', 'Описание': 'Проверка и ремонт тормозной системы, замена колодок и дисков при необходимости', 'Категория': {'id': '033983f2-114e-11f0-97f3-7c70dbf2d0e5'}, 'КатегорияНаименование': 'Услуги', 'Цена': 3000}], 'stats': {'total': 4}}}
2025-06-08 08:18:58 | DEBUG | Данные услуг: {'services': [{'Идентификатор': {'id': 'ac299c1c-2055-11f0-97f5-7c70dbf2d0e5'}, 'Код': '000000051', 'Наименование': 'Диагностика автомобиля', 'Описание': 'Комплексная диагностика автомобиля с использованием современного оборудования', 'Категория': {'id': '033983f2-114e-11f0-97f3-7c70dbf2d0e5'}, 'КатегорияНаименование': 'Услуги', 'Цена': 1000}, {'Идентификатор': {'id': 'ac299c1d-2055-11f0-97f5-7c70dbf2d0e5'}, 'Код': '000000052', 'Наименование': 'Замена масла', 'Описание': 'Замена моторного масла и масляного фильтра', 'Категория': {'id': '033983f2-114e-11f0-97f3-7c70dbf2d0e5'}, 'КатегорияНаименование': 'Услуги', 'Цена': 800}, {'Идентификатор': {'id': 'ac299c20-2055-11f0-97f5-7c70dbf2d0e5'}, 'Код': '000000055', 'Наименование': 'Покраска кузова', 'Описание': 'Локальная или полная покраска кузовных элементов с предварительной подготовкой поверхности', 'Категория': {'id': '033983f2-114e-11f0-97f3-7c70dbf2d0e5'}, 'КатегорияНаименование': 'Услуги', 'Цена': 5000}, {'Идентификатор': {'id': 'ac299c1e-2055-11f0-97f5-7c70dbf2d0e5'}, 'Код': '000000053', 'Наименование': 'Ремонт тормозной системы', 'Описание': 'Проверка и ремонт тормозной системы, замена колодок и дисков при необходимости', 'Категория': {'id': '033983f2-114e-11f0-97f3-7c70dbf2d0e5'}, 'КатегорияНаименование': 'Услуги', 'Цена': 3000}], 'stats': {'total': 4}}
2025-06-08 08:18:59 | DEBUG | Запрос услуги по коду: 000000053
2025-06-08 08:18:59 | DEBUG | Making GET request to: http://localhost:8000/test/hs/api/catalog/services/000000053
2025-06-08 08:18:59 | DEBUG | API response status: 200
2025-06-08 08:18:59 | DEBUG | Данные услуги для форматирования: {'id': '000000053', 'name': 'Ремонт тормозной системы', 'description': 'Проверка и ремонт тормозной системы, замена колодок и дисков при необходимости', 'category_id': '000000011', 'category_name': 'Услуги', 'price': 3000, 'execution_time': 0, 'requires_parts': False}
